<?xml version="1.0" encoding="UTF-8"?>
<testsuite name="sales.app.server.service.organization.contactmanagement.GenderTestCase" tests="5" skipped="0" failures="0" errors="0" timestamp="2016-05-26T13:48:17" hostname="c34d2a165d2f" time="22.041">
  <properties/>
  <testcase name="test1Save" classname="sales.app.server.service.organization.contactmanagement.GenderTestCase" time="21.718"/>
  <testcase name="test2Update" classname="sales.app.server.service.organization.contactmanagement.GenderTestCase" time="0.115"/>
  <testcase name="test3FindById" classname="sales.app.server.service.organization.contactmanagement.GenderTestCase" time="0.011"/>
  <testcase name="test5NegativeTesting" classname="sales.app.server.service.organization.contactmanagement.GenderTestCase" time="0.021"/>
  <testcase name="test6Delete" classname="sales.app.server.service.organization.contactmanagement.GenderTestCase" time="0.176"/>
  <system-out><![CDATA[Thu May 26 13:48:17 UTC 2016|Log Manager Factory|Initialization Process started.....
Thu May 26 13:48:17 UTC 2016|Log Manager|Initialized with Path = [/home/applifire/workspace/salesdemo/src/main/webapp/WEB-INF/conf]
Thu May 26 13:48:17 UTC 2016|Alarm Manager|Initialized with Path = [/home/applifire/workspace/salesdemo/src/main/webapp/WEB-INF/conf]
Thu May 26 13:48:17 UTC 2016|Alarm Manager|Loading Alarms ......
Thu May 26 13:48:17 UTC 2016|Alarm XML Parser|FWA|XML Parsing Complete........ 
Thu May 26 13:48:17 UTC 2016|Alarm File Manager|FWA|Alarm File Status.. [ApplicationFrameworkAlarms.xml]|Version=15|Status=Done 
Thu May 26 13:48:17 UTC 2016|Alarm File Manager|FWA|Alarm Stats = ( BC/AL=4/539 SYS=4/10 [539/0]  TPL=0/0 [0/0]  APP= A.Map=[620]  E.Map EC/RC=[4/0] )
Thu May 26 13:48:17 UTC 2016|Alarm XML Parser|APP|XML Parsing Complete........ 
Thu May 26 13:48:17 UTC 2016|Alarm File Manager|APP|Alarm File Status.. [ApplicationAlarms.xml]|Version=1|Status=Done 
Thu May 26 13:48:17 UTC 2016|Alarm File Manager|APP|Alarm Stats = ( BC/AL=5/620 SYS=4/10 [539/0]  TPL=0/0 [0/0]  APP=1/1 [81/0]  A.Map=[701]  E.Map EC/RC=[53/11] )
Thu May 26 13:48:17 UTC 2016|ApplicationAlarmContext| <><><><><> Create App Alarms ....  <><><><><> 
Thu May 26 13:48:17 UTC 2016|ApplicationAlarmContext|Alarms are generated ONLY in Development Mode.. 
Thu May 26 13:48:17 UTC 2016|Alarm Manager|APP|Alarm Stats = ( BC/AL=5/620 SYS=4/10 [539/0]  TPL=0/0 [0/0]  APP=1/1 [81/0]  A.Map=[701]  E.Map EC/RC=[53/11] )
Thu May 26 13:48:17 UTC 2016|Alarm Manager|Initialized Exception Lookup...
Thu May 26 13:48:17 UTC 2016|Log Manager|Initialize Log Config File ......
Thu May 26 13:48:17 UTC 2016|Pluggable Connectors|Adding Connectors : StandardOutputConnector isEnabled=true isDefault=false isFallBack=true
Thu May 26 13:48:17 UTC 2016|Pluggable Connectors|Adding Connectors : StandardFileConnector isEnabled=true isDefault=false isFallBack=false
Thu May 26 13:48:17 UTC 2016|Pluggable Connectors|Adding Connectors : Sprinkler isEnabled=true isDefault=true isFallBack=false
Thu May 26 13:48:17 UTC 2016|Pluggable Connectors|Default Connector Name : com.spartan.logger.core.LogMessenger
Thu May 26 13:48:17 UTC 2016|Log Config Parser|Connector Least Log Level =[4]  FallBack Log Level =[3]
Thu May 26 13:48:17 UTC 2016|Log Manager|Loading Default Connector for Logging ......
Thu May 26 13:48:17 UTC 2016|Log Manager|Loading class .. com.spartan.logger.core.LogMessenger
Thu May 26 13:48:17 UTC 2016|Plugggable Connector|Connector class com.spartan.logger.core.LogMessenger Initialized... @ Log Level = 3
Thu May 26 13:48:17 UTC 2016|Log Manager|Starting the Default Connector [com.spartan.logger.core.LogMessenger@4e2acbe3] ....
Thu May 26 13:48:17 UTC 2016|Scheduler|Starting the Scheduler ......
Thu May 26 13:48:17 UTC 2016|Scheduler|Adding [LMID=[5cff4d6b-b32a-4dba-8138-a9e085bee91e]] Delay=5 Time Unit=MINUTES
Thu May 26 13:48:17 UTC 2016|Scheduler|Adding [App Alarm Manager File=[ApplicationAlarms.xml]] Delay=30 Time Unit=MINUTES
Thu May 26 13:48:17 UTC 2016|Scheduler|Adding [FW Alarm Manager File=[ApplicationFrameworkAlarms.xml]] Delay=3 Time Unit=MINUTES
Thu May 26 13:48:17 UTC 2016|Scheduler|Startup Completed..
Thu May 26 13:48:17 UTC 2016|Log Manager|Initialization Process Complete ......
Thu May 26 13:48:17 UTC 2016|Log Manager Factory|Log Manager READY! ID = 5cff4d6b-b32a-4dba-8138-a9e085bee91e
[EL Config]: metadata: 2016-05-26 13:48:21.897--ServerSession(1869076249)--Thread(Thread[Test worker,5,main])--The access type for the persistent class [class sales.app.shared.organization.locationmanagement.Language] is set to [FIELD].
[EL Config]: metadata: 2016-05-26 13:48:21.915--ServerSession(1869076249)--Thread(Thread[Test worker,5,main])--The access type for the persistent class [class sales.app.shared.appbasicsetup.userrolemanagement.RoleMenuBridge] is set to [FIELD].
[EL Config]: metadata: 2016-05-26 13:48:21.919--ServerSession(1869076249)--Thread(Thread[Test worker,5,main])--The target entity (reference) class for the one to one mapping element [field roles] is being defaulted to: class sales.app.shared.appbasicsetup.userrolemanagement.Roles.
[EL Config]: metadata: 2016-05-26 13:48:21.919--ServerSession(1869076249)--Thread(Thread[Test worker,5,main])--The access type for the persistent class [class sales.app.shared.appbasicsetup.usermanagement.User] is set to [FIELD].
[EL Config]: metadata: 2016-05-26 13:48:21.92--ServerSession(1869076249)--Thread(Thread[Test worker,5,main])--The target entity (reference) class for the one to one mapping element [field userData] is being defaulted to: class sales.app.shared.appbasicsetup.usermanagement.UserData.
[EL Config]: metadata: 2016-05-26 13:48:21.923--ServerSession(1869076249)--Thread(Thread[Test worker,5,main])--The target entity (reference) class for the one to many mapping element [field passRecovery] is being defaulted to: class sales.app.shared.appbasicsetup.usermanagement.PassRecovery.
[EL Config]: metadata: 2016-05-26 13:48:21.923--ServerSession(1869076249)--Thread(Thread[Test worker,5,main])--The access type for the persistent class [class sales.app.shared.appbasicsetup.usermanagement.SessionData] is set to [FIELD].
[EL Config]: metadata: 2016-05-26 13:48:21.924--ServerSession(1869076249)--Thread(Thread[Test worker,5,main])--The access type for the persistent class [class sales.app.shared.salesboundedcontext.sales.UserAccess] is set to [FIELD].
[EL Config]: metadata: 2016-05-26 13:48:21.925--ServerSession(1869076249)--Thread(Thread[Test worker,5,main])--The access type for the persistent class [class com.athena.shared.pluggable.entity.AuditPropertiesEntity] is set to [FIELD].
[EL Config]: metadata: 2016-05-26 13:48:21.927--ServerSession(1869076249)--Thread(Thread[Test worker,5,main])--The access type for the persistent class [class com.athena.cloud.shared.entity.CloudDriveTags] is set to [FIELD].
[EL Config]: metadata: 2016-05-26 13:48:21.927--ServerSession(1869076249)--Thread(Thread[Test worker,5,main])--The target entity (reference) class for the one to many mapping element [field awsCloudDriveTagFiles] is being defaulted to: class com.athena.cloud.shared.entity.CloudDriveTagFiles.
[EL Config]: metadata: 2016-05-26 13:48:21.928--ServerSession(1869076249)--Thread(Thread[Test worker,5,main])--The access type for the persistent class [class sales.app.shared.organization.contactmanagement.Title] is set to [FIELD].
[EL Config]: metadata: 2016-05-26 13:48:21.928--ServerSession(1869076249)--Thread(Thread[Test worker,5,main])--The access type for the persistent class [class sales.app.shared.appbasicsetup.usermanagement.ArtPasswordAlgorithm] is set to [FIELD].
[EL Config]: metadata: 2016-05-26 13:48:21.928--ServerSession(1869076249)--Thread(Thread[Test worker,5,main])--The access type for the persistent class [class com.spartan.healthmeter.entity.ArtHealthStatusConfiguration] is set to [FIELD].
[EL Config]: metadata: 2016-05-26 13:48:21.929--ServerSession(1869076249)--Thread(Thread[Test worker,5,main])--The access type for the persistent class [class sales.app.shared.appbasicsetup.usermanagement.ArtPasswordPolicy] is set to [FIELD].
[EL Config]: metadata: 2016-05-26 13:48:21.929--ServerSession(1869076249)--Thread(Thread[Test worker,5,main])--The access type for the persistent class [class sales.app.shared.appbasicsetup.usermanagement.PasswordPolicy] is set to [FIELD].
[EL Config]: metadata: 2016-05-26 13:48:21.93--ServerSession(1869076249)--Thread(Thread[Test worker,5,main])--The access type for the persistent class [class com.athena.cloud.shared.entity.CloudDriveFiles] is set to [FIELD].
[EL Config]: metadata: 2016-05-26 13:48:21.931--ServerSession(1869076249)--Thread(Thread[Test worker,5,main])--The target entity (reference) class for the many to many mapping element [field tags] is being defaulted to: class com.athena.cloud.shared.entity.CloudDriveTags.
[EL Config]: metadata: 2016-05-26 13:48:21.931--ServerSession(1869076249)--Thread(Thread[Test worker,5,main])--The target entity (reference) class for the one to one mapping element [field contentType] is being defaulted to: class com.athena.cloud.shared.entity.CloudDriveContentType.
[EL Config]: metadata: 2016-05-26 13:48:21.932--ServerSession(1869076249)--Thread(Thread[Test worker,5,main])--The access type for the persistent class [class sales.app.shared.organization.locationmanagement.Address] is set to [FIELD].
[EL Config]: metadata: 2016-05-26 13:48:21.932--ServerSession(1869076249)--Thread(Thread[Test worker,5,main])--The access type for the persistent class [class sales.app.shared.salesboundedcontext.sales.Brand] is set to [FIELD].
[EL Config]: metadata: 2016-05-26 13:48:21.933--ServerSession(1869076249)--Thread(Thread[Test worker,5,main])--The access type for the persistent class [class sales.app.shared.appbasicsetup.usermanagement.ArtAppNotificationTemplate] is set to [FIELD].
[EL Config]: metadata: 2016-05-26 13:48:21.933--ServerSession(1869076249)--Thread(Thread[Test worker,5,main])--The access type for the persistent class [class sales.app.shared.organization.locationmanagement.State] is set to [FIELD].
[EL Config]: metadata: 2016-05-26 13:48:21.934--ServerSession(1869076249)--Thread(Thread[Test worker,5,main])--The access type for the persistent class [class sales.app.shared.organization.contactmanagement.Gender] is set to [FIELD].
[EL Config]: metadata: 2016-05-26 13:48:21.934--ServerSession(1869076249)--Thread(Thread[Test worker,5,main])--The access type for the persistent class [class sales.app.shared.appinsight.alarms.ArtLogEventAction] is set to [FIELD].
[EL Config]: metadata: 2016-05-26 13:48:21.934--ServerSession(1869076249)--Thread(Thread[Test worker,5,main])--The access type for the persistent class [class sales.app.shared.appinsight.alarms.ArtLogAlarm] is set to [FIELD].
[EL Config]: metadata: 2016-05-26 13:48:21.935--ServerSession(1869076249)--Thread(Thread[Test worker,5,main])--The access type for the persistent class [class com.spartan.healthmeter.entity.ZenHealthGauge] is set to [FIELD].
[EL Config]: metadata: 2016-05-26 13:48:21.935--ServerSession(1869076249)--Thread(Thread[Test worker,5,main])--The access type for the persistent class [class com.athena.cloud.shared.entity.CloudDriveContentType] is set to [FIELD].
[EL Config]: metadata: 2016-05-26 13:48:21.936--ServerSession(1869076249)--Thread(Thread[Test worker,5,main])--The access type for the persistent class [class sales.app.shared.appinsight.alarms.ArtLogSeverity] is set to [FIELD].
[EL Config]: metadata: 2016-05-26 13:48:21.936--ServerSession(1869076249)--Thread(Thread[Test worker,5,main])--The access type for the persistent class [class sales.app.shared.appbasicsetup.usermanagement.UserAccessDomain] is set to [FIELD].
[EL Config]: metadata: 2016-05-26 13:48:21.936--ServerSession(1869076249)--Thread(Thread[Test worker,5,main])--The access type for the persistent class [class sales.app.shared.salesboundedcontext.sales.Retailer] is set to [FIELD].
[EL Config]: metadata: 2016-05-26 13:48:21.937--ServerSession(1869076249)--Thread(Thread[Test worker,5,main])--The access type for the persistent class [class sales.app.shared.salesboundedcontext.sales.SalesRegion] is set to [FIELD].
[EL Config]: metadata: 2016-05-26 13:48:21.937--ServerSession(1869076249)--Thread(Thread[Test worker,5,main])--The access type for the persistent class [class sales.app.shared.salesboundedcontext.sales.Distributor] is set to [FIELD].
[EL Config]: metadata: 2016-05-26 13:48:21.937--ServerSession(1869076249)--Thread(Thread[Test worker,5,main])--The access type for the persistent class [class sales.app.shared.organization.contactmanagement.CommunicationGroup] is set to [FIELD].
[EL Config]: metadata: 2016-05-26 13:48:21.938--ServerSession(1869076249)--Thread(Thread[Test worker,5,main])--The access type for the persistent class [class com.athena.cloud.shared.entity.CloudDriveTagShared] is set to [FIELD].
[EL Config]: metadata: 2016-05-26 13:48:21.938--ServerSession(1869076249)--Thread(Thread[Test worker,5,main])--The target entity (reference) class for the one to one mapping element [field tags] is being defaulted to: class com.athena.cloud.shared.entity.CloudDriveTags.
[EL Config]: metadata: 2016-05-26 13:48:21.938--ServerSession(1869076249)--Thread(Thread[Test worker,5,main])--The access type for the persistent class [class sales.app.shared.appbasicsetup.usermanagement.Question] is set to [FIELD].
[EL Config]: metadata: 2016-05-26 13:48:21.939--ServerSession(1869076249)--Thread(Thread[Test worker,5,main])--The access type for the persistent class [class com.spartan.healthmeter.entity.HealthSchedulerConfiguration] is set to [FIELD].
[EL Config]: metadata: 2016-05-26 13:48:21.939--ServerSession(1869076249)--Thread(Thread[Test worker,5,main])--The access type for the persistent class [class com.athena.cloud.shared.entity.CloudDriveFileVersion] is set to [FIELD].
[EL Config]: metadata: 2016-05-26 13:48:21.94--ServerSession(1869076249)--Thread(Thread[Test worker,5,main])--The target entity (reference) class for the one to one mapping element [field file] is being defaulted to: class com.athena.cloud.shared.entity.CloudDriveFiles.
[EL Config]: metadata: 2016-05-26 13:48:21.94--ServerSession(1869076249)--Thread(Thread[Test worker,5,main])--The access type for the persistent class [class com.spartan.healthmeter.entity.ZenSchedulerHealth] is set to [FIELD].
[EL Config]: metadata: 2016-05-26 13:48:21.941--ServerSession(1869076249)--Thread(Thread[Test worker,5,main])--The access type for the persistent class [class sales.app.shared.appinsight.alarms.ArtLogStatus] is set to [FIELD].
[EL Config]: metadata: 2016-05-26 13:48:21.942--ServerSession(1869076249)--Thread(Thread[Test worker,5,main])--The access type for the persistent class [class sales.app.shared.organization.contactmanagement.ContactType] is set to [FIELD].
[EL Config]: metadata: 2016-05-26 13:48:21.942--ServerSession(1869076249)--Thread(Thread[Test worker,5,main])--The access type for the persistent class [class sales.app.shared.appbasicsetup.usermanagement.UserData] is set to [FIELD].
[EL Config]: metadata: 2016-05-26 13:48:21.942--ServerSession(1869076249)--Thread(Thread[Test worker,5,main])--The target entity (reference) class for the one to one mapping element [field user] is being defaulted to: class sales.app.shared.appbasicsetup.usermanagement.User.
[EL Config]: metadata: 2016-05-26 13:48:21.943--ServerSession(1869076249)--Thread(Thread[Test worker,5,main])--The access type for the persistent class [class sales.app.shared.organization.locationmanagement.Country] is set to [FIELD].
[EL Config]: metadata: 2016-05-26 13:48:21.943--ServerSession(1869076249)--Thread(Thread[Test worker,5,main])--The access type for the persistent class [class sales.app.shared.appbasicsetup.usermanagement.Login] is set to [FIELD].
[EL Config]: metadata: 2016-05-26 13:48:21.944--ServerSession(1869076249)--Thread(Thread[Test worker,5,main])--The target entity (reference) class for the one to one mapping element [field coreContacts] is being defaulted to: class sales.app.shared.organization.contactmanagement.CoreContacts.
[EL Config]: metadata: 2016-05-26 13:48:21.944--ServerSession(1869076249)--Thread(Thread[Test worker,5,main])--The target entity (reference) class for the one to one mapping element [field user] is being defaulted to: class sales.app.shared.appbasicsetup.usermanagement.User.
[EL Config]: metadata: 2016-05-26 13:48:21.944--ServerSession(1869076249)--Thread(Thread[Test worker,5,main])--The access type for the persistent class [class sales.app.shared.appbasicsetup.usermanagement.PasswordAlgo] is set to [FIELD].
[EL Config]: metadata: 2016-05-26 13:48:21.945--ServerSession(1869076249)--Thread(Thread[Test worker,5,main])--The access type for the persistent class [class sales.app.shared.appbasicsetup.userrolemanagement.UserRoleBridge] is set to [FIELD].
[EL Config]: metadata: 2016-05-26 13:48:21.945--ServerSession(1869076249)--Thread(Thread[Test worker,5,main])--The access type for the persistent class [class com.athena.cloud.shared.entity.CloudDriveFileShared] is set to [FIELD].
[EL Config]: metadata: 2016-05-26 13:48:21.945--ServerSession(1869076249)--Thread(Thread[Test worker,5,main])--The target entity (reference) class for the one to one mapping element [field file] is being defaulted to: class com.athena.cloud.shared.entity.CloudDriveFiles.
[EL Config]: metadata: 2016-05-26 13:48:21.946--ServerSession(1869076249)--Thread(Thread[Test worker,5,main])--The access type for the persistent class [class sales.app.shared.organization.locationmanagement.City] is set to [FIELD].
[EL Config]: metadata: 2016-05-26 13:48:21.946--ServerSession(1869076249)--Thread(Thread[Test worker,5,main])--The access type for the persistent class [class sales.app.shared.salesboundedcontext.sales.CurrentMonth] is set to [FIELD].
[EL Config]: metadata: 2016-05-26 13:48:21.946--ServerSession(1869076249)--Thread(Thread[Test worker,5,main])--The access type for the persistent class [class sales.app.shared.organization.contactmanagement.CommunicationData] is set to [FIELD].
[EL Config]: metadata: 2016-05-26 13:48:21.947--ServerSession(1869076249)--Thread(Thread[Test worker,5,main])--The access type for the persistent class [class sales.app.shared.organization.contactmanagement.CoreContacts] is set to [FIELD].
[EL Config]: metadata: 2016-05-26 13:48:21.947--ServerSession(1869076249)--Thread(Thread[Test worker,5,main])--The target entity (reference) class for the one to one mapping element [field timezone] is being defaulted to: class sales.app.shared.organization.locationmanagement.Timezone.
[EL Config]: metadata: 2016-05-26 13:48:21.948--ServerSession(1869076249)--Thread(Thread[Test worker,5,main])--The target entity (reference) class for the one to many mapping element [field address] is being defaulted to: class sales.app.shared.organization.locationmanagement.Address.
[EL Config]: metadata: 2016-05-26 13:48:21.948--ServerSession(1869076249)--Thread(Thread[Test worker,5,main])--The target entity (reference) class for the one to many mapping element [field communicationData] is being defaulted to: class sales.app.shared.organization.contactmanagement.CommunicationData.
[EL Config]: metadata: 2016-05-26 13:48:21.948--ServerSession(1869076249)--Thread(Thread[Test worker,5,main])--The access type for the persistent class [class sales.app.shared.appinsight.alarms.ArtLogArchitectureLayer] is set to [FIELD].
[EL Config]: metadata: 2016-05-26 13:48:21.949--ServerSession(1869076249)--Thread(Thread[Test worker,5,main])--The access type for the persistent class [class com.spartan.healthmeter.entity.ZenHealthStatus] is set to [FIELD].
[EL Config]: metadata: 2016-05-26 13:48:21.949--ServerSession(1869076249)--Thread(Thread[Test worker,5,main])--The access type for the persistent class [class sales.app.shared.appbasicsetup.usermanagement.PassRecovery] is set to [FIELD].
[EL Config]: metadata: 2016-05-26 13:48:21.949--ServerSession(1869076249)--Thread(Thread[Test worker,5,main])--The target entity (reference) class for the one to one mapping element [field user] is being defaulted to: class sales.app.shared.appbasicsetup.usermanagement.User.
[EL Config]: metadata: 2016-05-26 13:48:21.949--ServerSession(1869076249)--Thread(Thread[Test worker,5,main])--The access type for the persistent class [class com.athena.cloud.shared.entity.CloudDriveDefaultTags] is set to [FIELD].
[EL Config]: metadata: 2016-05-26 13:48:21.95--ServerSession(1869076249)--Thread(Thread[Test worker,5,main])--The access type for the persistent class [class sales.app.shared.organization.locationmanagement.AddressType] is set to [FIELD].
[EL Config]: metadata: 2016-05-26 13:48:21.95--ServerSession(1869076249)--Thread(Thread[Test worker,5,main])--The access type for the persistent class [class sales.app.shared.appbasicsetup.userrolemanagement.AppMenus] is set to [FIELD].
[EL Config]: metadata: 2016-05-26 13:48:21.951--ServerSession(1869076249)--Thread(Thread[Test worker,5,main])--The access type for the persistent class [class sales.app.shared.salesboundedcontext.sales.SalesData] is set to [FIELD].
[EL Config]: metadata: 2016-05-26 13:48:21.952--ServerSession(1869076249)--Thread(Thread[Test worker,5,main])--The access type for the persistent class [class sales.app.shared.salesboundedcontext.sales.Material] is set to [FIELD].
[EL Config]: metadata: 2016-05-26 13:48:21.952--ServerSession(1869076249)--Thread(Thread[Test worker,5,main])--The access type for the persistent class [class com.spartan.healthmeter.entity.ZenRequestDetails] is set to [FIELD].
[EL Config]: metadata: 2016-05-26 13:48:21.953--ServerSession(1869076249)--Thread(Thread[Test worker,5,main])--The access type for the persistent class [class com.spartan.healthmeter.entity.ArtHealthSchedulerConfiguration] is set to [FIELD].
[EL Config]: metadata: 2016-05-26 13:48:21.953--ServerSession(1869076249)--Thread(Thread[Test worker,5,main])--The access type for the persistent class [class com.athena.shared.pluggable.entity.ArtEntity] is set to [FIELD].
[EL Config]: metadata: 2016-05-26 13:48:21.954--ServerSession(1869076249)--Thread(Thread[Test worker,5,main])--The access type for the persistent class [class sales.app.shared.appbasicsetup.aaa.ArtUserLastStatus] is set to [FIELD].
[EL Config]: metadata: 2016-05-26 13:48:21.954--ServerSession(1869076249)--Thread(Thread[Test worker,5,main])--The access type for the persistent class [class sales.app.shared.appbasicsetup.usermanagement.UserAccessLevel] is set to [FIELD].
[EL Config]: metadata: 2016-05-26 13:48:21.955--ServerSession(1869076249)--Thread(Thread[Test worker,5,main])--The access type for the persistent class [class sales.app.shared.appinsight.alarms.ArtLogConfig] is set to [FIELD].
[EL Config]: metadata: 2016-05-26 13:48:21.955--ServerSession(1869076249)--Thread(Thread[Test worker,5,main])--The access type for the persistent class [class com.athena.shared.dataengine.report.ArtReportUI] is set to [FIELD].
[EL Config]: metadata: 2016-05-26 13:48:21.956--ServerSession(1869076249)--Thread(Thread[Test worker,5,main])--The access type for the persistent class [class sales.app.shared.salesboundedcontext.sales.Channel] is set to [FIELD].
[EL Config]: metadata: 2016-05-26 13:48:21.956--ServerSession(1869076249)--Thread(Thread[Test worker,5,main])--The access type for the persistent class [class com.athena.cloud.shared.entity.CloudDriveTagFiles] is set to [FIELD].
[EL Config]: metadata: 2016-05-26 13:48:21.956--ServerSession(1869076249)--Thread(Thread[Test worker,5,main])--The target entity (reference) class for the one to one mapping element [field tags] is being defaulted to: class com.athena.cloud.shared.entity.CloudDriveTags.
[EL Config]: metadata: 2016-05-26 13:48:21.956--ServerSession(1869076249)--Thread(Thread[Test worker,5,main])--The target entity (reference) class for the one to one mapping element [field file] is being defaulted to: class com.athena.cloud.shared.entity.CloudDriveFiles.
[EL Config]: metadata: 2016-05-26 13:48:21.957--ServerSession(1869076249)--Thread(Thread[Test worker,5,main])--The access type for the persistent class [class com.spartan.healthmeter.entity.ZenHealthCounter] is set to [FIELD].
[EL Config]: metadata: 2016-05-26 13:48:21.957--ServerSession(1869076249)--Thread(Thread[Test worker,5,main])--The access type for the persistent class [class com.spartan.healthmeter.entity.ZenHealth] is set to [FIELD].
[EL Config]: metadata: 2016-05-26 13:48:21.958--ServerSession(1869076249)--Thread(Thread[Test worker,5,main])--The access type for the persistent class [class com.spartan.server.session.entity.AppSessionConfig] is set to [FIELD].
[EL Config]: metadata: 2016-05-26 13:48:21.959--ServerSession(1869076249)--Thread(Thread[Test worker,5,main])--The access type for the persistent class [class sales.app.shared.organization.contactmanagement.CommunicationType] is set to [FIELD].
[EL Config]: metadata: 2016-05-26 13:48:21.959--ServerSession(1869076249)--Thread(Thread[Test worker,5,main])--The access type for the persistent class [class sales.app.shared.appbasicsetup.usermanagement.LoginSession] is set to [FIELD].
[EL Config]: metadata: 2016-05-26 13:48:21.96--ServerSession(1869076249)--Thread(Thread[Test worker,5,main])--The access type for the persistent class [class sales.app.shared.appbasicsetup.userrolemanagement.Roles] is set to [FIELD].
[EL Config]: metadata: 2016-05-26 13:48:21.96--ServerSession(1869076249)--Thread(Thread[Test worker,5,main])--The target entity (reference) class for the one to many mapping element [field roleMenuBridge] is being defaulted to: class sales.app.shared.appbasicsetup.userrolemanagement.RoleMenuBridge.
[EL Config]: metadata: 2016-05-26 13:48:21.96--ServerSession(1869076249)--Thread(Thread[Test worker,5,main])--The access type for the persistent class [class sales.app.shared.salesboundedcontext.sales.Category] is set to [FIELD].
[EL Config]: metadata: 2016-05-26 13:48:21.96--ServerSession(1869076249)--Thread(Thread[Test worker,5,main])--The access type for the persistent class [class com.athena.shared.dataengine.query.ArtQuery] is set to [FIELD].
[EL Config]: metadata: 2016-05-26 13:48:21.961--ServerSession(1869076249)--Thread(Thread[Test worker,5,main])--The access type for the persistent class [class sales.app.shared.appinsight.alarms.ArtLogEvents] is set to [FIELD].
[EL Config]: metadata: 2016-05-26 13:48:21.962--ServerSession(1869076249)--Thread(Thread[Test worker,5,main])--The access type for the persistent class [class sales.app.shared.organization.locationmanagement.Timezone] is set to [FIELD].
[EL Config]: metadata: 2016-05-26 13:48:21.962--ServerSession(1869076249)--Thread(Thread[Test worker,5,main])--The access type for the persistent class [class com.spartan.healthmeter.shared.EntityAudit] is set to [FIELD].
[EL Config]: metadata: 2016-05-26 13:48:21.963--ServerSession(1869076249)--Thread(Thread[Test worker,5,main])--The access type for the persistent class [class sales.app.shared.EntityAudit] is set to [FIELD].
[EL Config]: metadata: 2016-05-26 13:48:21.963--ServerSession(1869076249)--Thread(Thread[Test worker,5,main])--The access type for the persistent class [class com.spartan.healthmeter.shared.SystemInfo] is set to [FIELD].
[EL Config]: metadata: 2016-05-26 13:48:21.963--ServerSession(1869076249)--Thread(Thread[Test worker,5,main])--The access type for the persistent class [class sales.app.shared.SystemInfo] is set to [FIELD].
[EL Config]: metadata: 2016-05-26 13:48:21.967--ServerSession(1869076249)--Thread(Thread[Test worker,5,main])--The alias name for the entity class [class sales.app.shared.organization.locationmanagement.Language] is being defaulted to: Language.
[EL Config]: metadata: 2016-05-26 13:48:21.977--ServerSession(1869076249)--Thread(Thread[Test worker,5,main])--The alias name for the entity class [class sales.app.shared.appbasicsetup.userrolemanagement.RoleMenuBridge] is being defaulted to: RoleMenuBridge.
[EL Config]: metadata: 2016-05-26 13:48:21.977--ServerSession(1869076249)--Thread(Thread[Test worker,5,main])--The alias name for the entity class [class sales.app.shared.appbasicsetup.usermanagement.User] is being defaulted to: User.
[EL Config]: metadata: 2016-05-26 13:48:21.978--ServerSession(1869076249)--Thread(Thread[Test worker,5,main])--The alias name for the entity class [class sales.app.shared.appbasicsetup.usermanagement.SessionData] is being defaulted to: SessionData.
[EL Config]: metadata: 2016-05-26 13:48:21.978--ServerSession(1869076249)--Thread(Thread[Test worker,5,main])--The alias name for the entity class [class sales.app.shared.salesboundedcontext.sales.UserAccess] is being defaulted to: UserAccess.
[EL Config]: metadata: 2016-05-26 13:48:21.979--ServerSession(1869076249)--Thread(Thread[Test worker,5,main])--The alias name for the entity class [class com.athena.cloud.shared.entity.CloudDriveTags] is being defaulted to: CloudDriveTags.
[EL Config]: metadata: 2016-05-26 13:48:21.979--ServerSession(1869076249)--Thread(Thread[Test worker,5,main])--The alias name for the entity class [class sales.app.shared.organization.contactmanagement.Title] is being defaulted to: Title.
[EL Config]: metadata: 2016-05-26 13:48:21.979--ServerSession(1869076249)--Thread(Thread[Test worker,5,main])--The alias name for the entity class [class sales.app.shared.appbasicsetup.usermanagement.ArtPasswordAlgorithm] is being defaulted to: ArtPasswordAlgorithm.
[EL Config]: metadata: 2016-05-26 13:48:21.98--ServerSession(1869076249)--Thread(Thread[Test worker,5,main])--The alias name for the entity class [class com.spartan.healthmeter.entity.ArtHealthStatusConfiguration] is being defaulted to: ArtHealthStatusConfiguration.
[EL Config]: metadata: 2016-05-26 13:48:21.98--ServerSession(1869076249)--Thread(Thread[Test worker,5,main])--The alias name for the entity class [class sales.app.shared.appbasicsetup.usermanagement.ArtPasswordPolicy] is being defaulted to: ArtPasswordPolicy.
[EL Config]: metadata: 2016-05-26 13:48:21.981--ServerSession(1869076249)--Thread(Thread[Test worker,5,main])--The alias name for the entity class [class sales.app.shared.appbasicsetup.usermanagement.PasswordPolicy] is being defaulted to: PasswordPolicy.
[EL Config]: metadata: 2016-05-26 13:48:21.981--ServerSession(1869076249)--Thread(Thread[Test worker,5,main])--The alias name for the entity class [class com.athena.cloud.shared.entity.CloudDriveFiles] is being defaulted to: CloudDriveFiles.
[EL Config]: metadata: 2016-05-26 13:48:21.982--ServerSession(1869076249)--Thread(Thread[Test worker,5,main])--The alias name for the entity class [class sales.app.shared.organization.locationmanagement.Address] is being defaulted to: Address.
[EL Config]: metadata: 2016-05-26 13:48:21.982--ServerSession(1869076249)--Thread(Thread[Test worker,5,main])--The alias name for the entity class [class sales.app.shared.salesboundedcontext.sales.Brand] is being defaulted to: Brand.
[EL Config]: metadata: 2016-05-26 13:48:21.982--ServerSession(1869076249)--Thread(Thread[Test worker,5,main])--The alias name for the entity class [class sales.app.shared.appbasicsetup.usermanagement.ArtAppNotificationTemplate] is being defaulted to: ArtAppNotificationTemplate.
[EL Config]: metadata: 2016-05-26 13:48:21.983--ServerSession(1869076249)--Thread(Thread[Test worker,5,main])--The alias name for the entity class [class sales.app.shared.organization.locationmanagement.State] is being defaulted to: State.
[EL Config]: metadata: 2016-05-26 13:48:21.983--ServerSession(1869076249)--Thread(Thread[Test worker,5,main])--The alias name for the entity class [class sales.app.shared.organization.contactmanagement.Gender] is being defaulted to: Gender.
[EL Config]: metadata: 2016-05-26 13:48:21.984--ServerSession(1869076249)--Thread(Thread[Test worker,5,main])--The alias name for the entity class [class sales.app.shared.appinsight.alarms.ArtLogEventAction] is being defaulted to: ArtLogEventAction.
[EL Config]: metadata: 2016-05-26 13:48:21.984--ServerSession(1869076249)--Thread(Thread[Test worker,5,main])--The alias name for the entity class [class sales.app.shared.appinsight.alarms.ArtLogAlarm] is being defaulted to: ArtLogAlarm.
[EL Config]: metadata: 2016-05-26 13:48:21.984--ServerSession(1869076249)--Thread(Thread[Test worker,5,main])--The alias name for the entity class [class com.spartan.healthmeter.entity.ZenHealthGauge] is being defaulted to: ZenHealthGauge.
[EL Config]: metadata: 2016-05-26 13:48:21.985--ServerSession(1869076249)--Thread(Thread[Test worker,5,main])--The alias name for the entity class [class com.athena.cloud.shared.entity.CloudDriveContentType] is being defaulted to: CloudDriveContentType.
[EL Config]: metadata: 2016-05-26 13:48:21.985--ServerSession(1869076249)--Thread(Thread[Test worker,5,main])--The alias name for the entity class [class sales.app.shared.appinsight.alarms.ArtLogSeverity] is being defaulted to: ArtLogSeverity.
[EL Config]: metadata: 2016-05-26 13:48:21.985--ServerSession(1869076249)--Thread(Thread[Test worker,5,main])--The alias name for the entity class [class sales.app.shared.appbasicsetup.usermanagement.UserAccessDomain] is being defaulted to: UserAccessDomain.
[EL Config]: metadata: 2016-05-26 13:48:21.985--ServerSession(1869076249)--Thread(Thread[Test worker,5,main])--The alias name for the entity class [class sales.app.shared.salesboundedcontext.sales.Retailer] is being defaulted to: Retailer.
[EL Config]: metadata: 2016-05-26 13:48:21.986--ServerSession(1869076249)--Thread(Thread[Test worker,5,main])--The alias name for the entity class [class sales.app.shared.salesboundedcontext.sales.SalesRegion] is being defaulted to: SalesRegion.
[EL Config]: metadata: 2016-05-26 13:48:21.986--ServerSession(1869076249)--Thread(Thread[Test worker,5,main])--The alias name for the entity class [class sales.app.shared.salesboundedcontext.sales.Distributor] is being defaulted to: Distributor.
[EL Config]: metadata: 2016-05-26 13:48:21.986--ServerSession(1869076249)--Thread(Thread[Test worker,5,main])--The alias name for the entity class [class sales.app.shared.organization.contactmanagement.CommunicationGroup] is being defaulted to: CommunicationGroup.
[EL Config]: metadata: 2016-05-26 13:48:21.987--ServerSession(1869076249)--Thread(Thread[Test worker,5,main])--The alias name for the entity class [class com.athena.cloud.shared.entity.CloudDriveTagShared] is being defaulted to: CloudDriveTagShared.
[EL Config]: metadata: 2016-05-26 13:48:21.987--ServerSession(1869076249)--Thread(Thread[Test worker,5,main])--The column name for element [id] is being defaulted to: ID.
[EL Config]: metadata: 2016-05-26 13:48:21.987--ServerSession(1869076249)--Thread(Thread[Test worker,5,main])--The alias name for the entity class [class sales.app.shared.appbasicsetup.usermanagement.Question] is being defaulted to: Question.
[EL Config]: metadata: 2016-05-26 13:48:21.987--ServerSession(1869076249)--Thread(Thread[Test worker,5,main])--The alias name for the entity class [class com.spartan.healthmeter.entity.HealthSchedulerConfiguration] is being defaulted to: HealthSchedulerConfiguration.
[EL Config]: metadata: 2016-05-26 13:48:21.988--ServerSession(1869076249)--Thread(Thread[Test worker,5,main])--The alias name for the entity class [class com.athena.cloud.shared.entity.CloudDriveFileVersion] is being defaulted to: CloudDriveFileVersion.
[EL Config]: metadata: 2016-05-26 13:48:21.988--ServerSession(1869076249)--Thread(Thread[Test worker,5,main])--The alias name for the entity class [class com.spartan.healthmeter.entity.ZenSchedulerHealth] is being defaulted to: ZenSchedulerHealth.
[EL Config]: metadata: 2016-05-26 13:48:21.989--ServerSession(1869076249)--Thread(Thread[Test worker,5,main])--The alias name for the entity class [class sales.app.shared.appinsight.alarms.ArtLogStatus] is being defaulted to: ArtLogStatus.
[EL Config]: metadata: 2016-05-26 13:48:21.989--ServerSession(1869076249)--Thread(Thread[Test worker,5,main])--The alias name for the entity class [class sales.app.shared.organization.contactmanagement.ContactType] is being defaulted to: ContactType.
[EL Config]: metadata: 2016-05-26 13:48:21.99--ServerSession(1869076249)--Thread(Thread[Test worker,5,main])--The alias name for the entity class [class sales.app.shared.appbasicsetup.usermanagement.UserData] is being defaulted to: UserData.
[EL Config]: metadata: 2016-05-26 13:48:21.99--ServerSession(1869076249)--Thread(Thread[Test worker,5,main])--The alias name for the entity class [class sales.app.shared.organization.locationmanagement.Country] is being defaulted to: Country.
[EL Config]: metadata: 2016-05-26 13:48:21.99--ServerSession(1869076249)--Thread(Thread[Test worker,5,main])--The alias name for the entity class [class sales.app.shared.appbasicsetup.usermanagement.Login] is being defaulted to: Login.
[EL Config]: metadata: 2016-05-26 13:48:21.991--ServerSession(1869076249)--Thread(Thread[Test worker,5,main])--The alias name for the entity class [class sales.app.shared.appbasicsetup.usermanagement.PasswordAlgo] is being defaulted to: PasswordAlgo.
[EL Config]: metadata: 2016-05-26 13:48:21.991--ServerSession(1869076249)--Thread(Thread[Test worker,5,main])--The alias name for the entity class [class sales.app.shared.appbasicsetup.userrolemanagement.UserRoleBridge] is being defaulted to: UserRoleBridge.
[EL Config]: metadata: 2016-05-26 13:48:21.991--ServerSession(1869076249)--Thread(Thread[Test worker,5,main])--The alias name for the entity class [class com.athena.cloud.shared.entity.CloudDriveFileShared] is being defaulted to: CloudDriveFileShared.
[EL Config]: metadata: 2016-05-26 13:48:21.992--ServerSession(1869076249)--Thread(Thread[Test worker,5,main])--The column name for element [id] is being defaulted to: ID.
[EL Config]: metadata: 2016-05-26 13:48:21.992--ServerSession(1869076249)--Thread(Thread[Test worker,5,main])--The alias name for the entity class [class sales.app.shared.organization.locationmanagement.City] is being defaulted to: City.
[EL Config]: metadata: 2016-05-26 13:48:21.992--ServerSession(1869076249)--Thread(Thread[Test worker,5,main])--The alias name for the entity class [class sales.app.shared.salesboundedcontext.sales.CurrentMonth] is being defaulted to: CurrentMonth.
[EL Config]: metadata: 2016-05-26 13:48:21.993--ServerSession(1869076249)--Thread(Thread[Test worker,5,main])--The alias name for the entity class [class sales.app.shared.organization.contactmanagement.CommunicationData] is being defaulted to: CommunicationData.
[EL Config]: metadata: 2016-05-26 13:48:21.993--ServerSession(1869076249)--Thread(Thread[Test worker,5,main])--The alias name for the entity class [class sales.app.shared.organization.contactmanagement.CoreContacts] is being defaulted to: CoreContacts.
[EL Config]: metadata: 2016-05-26 13:48:21.994--ServerSession(1869076249)--Thread(Thread[Test worker,5,main])--The alias name for the entity class [class sales.app.shared.appinsight.alarms.ArtLogArchitectureLayer] is being defaulted to: ArtLogArchitectureLayer.
[EL Config]: metadata: 2016-05-26 13:48:21.994--ServerSession(1869076249)--Thread(Thread[Test worker,5,main])--The alias name for the entity class [class com.spartan.healthmeter.entity.ZenHealthStatus] is being defaulted to: ZenHealthStatus.
[EL Config]: metadata: 2016-05-26 13:48:21.994--ServerSession(1869076249)--Thread(Thread[Test worker,5,main])--The alias name for the entity class [class sales.app.shared.appbasicsetup.usermanagement.PassRecovery] is being defaulted to: PassRecovery.
[EL Config]: metadata: 2016-05-26 13:48:21.994--ServerSession(1869076249)--Thread(Thread[Test worker,5,main])--The alias name for the entity class [class com.athena.cloud.shared.entity.CloudDriveDefaultTags] is being defaulted to: CloudDriveDefaultTags.
[EL Config]: metadata: 2016-05-26 13:48:21.995--ServerSession(1869076249)--Thread(Thread[Test worker,5,main])--The alias name for the entity class [class sales.app.shared.organization.locationmanagement.AddressType] is being defaulted to: AddressType.
[EL Config]: metadata: 2016-05-26 13:48:21.995--ServerSession(1869076249)--Thread(Thread[Test worker,5,main])--The alias name for the entity class [class sales.app.shared.appbasicsetup.userrolemanagement.AppMenus] is being defaulted to: AppMenus.
[EL Config]: metadata: 2016-05-26 13:48:21.995--ServerSession(1869076249)--Thread(Thread[Test worker,5,main])--The alias name for the entity class [class sales.app.shared.salesboundedcontext.sales.SalesData] is being defaulted to: SalesData.
[EL Config]: metadata: 2016-05-26 13:48:21.996--ServerSession(1869076249)--Thread(Thread[Test worker,5,main])--The alias name for the entity class [class sales.app.shared.salesboundedcontext.sales.Material] is being defaulted to: Material.
[EL Config]: metadata: 2016-05-26 13:48:21.996--ServerSession(1869076249)--Thread(Thread[Test worker,5,main])--The alias name for the entity class [class com.spartan.healthmeter.entity.ZenRequestDetails] is being defaulted to: ZenRequestDetails.
[EL Config]: metadata: 2016-05-26 13:48:21.997--ServerSession(1869076249)--Thread(Thread[Test worker,5,main])--The alias name for the entity class [class com.spartan.healthmeter.entity.ArtHealthSchedulerConfiguration] is being defaulted to: ArtHealthSchedulerConfiguration.
[EL Config]: metadata: 2016-05-26 13:48:21.997--ServerSession(1869076249)--Thread(Thread[Test worker,5,main])--The alias name for the entity class [class sales.app.shared.appbasicsetup.aaa.ArtUserLastStatus] is being defaulted to: ArtUserLastStatus.
[EL Config]: metadata: 2016-05-26 13:48:21.998--ServerSession(1869076249)--Thread(Thread[Test worker,5,main])--The alias name for the entity class [class sales.app.shared.appbasicsetup.usermanagement.UserAccessLevel] is being defaulted to: UserAccessLevel.
[EL Config]: metadata: 2016-05-26 13:48:21.998--ServerSession(1869076249)--Thread(Thread[Test worker,5,main])--The alias name for the entity class [class sales.app.shared.appinsight.alarms.ArtLogConfig] is being defaulted to: ArtLogConfig.
[EL Config]: metadata: 2016-05-26 13:48:21.998--ServerSession(1869076249)--Thread(Thread[Test worker,5,main])--The alias name for the entity class [class com.athena.shared.dataengine.report.ArtReportUI] is being defaulted to: ArtReportUI.
[EL Config]: metadata: 2016-05-26 13:48:21.999--ServerSession(1869076249)--Thread(Thread[Test worker,5,main])--The alias name for the entity class [class sales.app.shared.salesboundedcontext.sales.Channel] is being defaulted to: Channel.
[EL Config]: metadata: 2016-05-26 13:48:21.999--ServerSession(1869076249)--Thread(Thread[Test worker,5,main])--The alias name for the entity class [class com.athena.cloud.shared.entity.CloudDriveTagFiles] is being defaulted to: CloudDriveTagFiles.
[EL Config]: metadata: 2016-05-26 13:48:21.999--ServerSession(1869076249)--Thread(Thread[Test worker,5,main])--The column name for element [id] is being defaulted to: ID.
[EL Config]: metadata: 2016-05-26 13:48:21.999--ServerSession(1869076249)--Thread(Thread[Test worker,5,main])--The alias name for the entity class [class com.spartan.healthmeter.entity.ZenHealthCounter] is being defaulted to: ZenHealthCounter.
[EL Config]: metadata: 2016-05-26 13:48:22.0--ServerSession(1869076249)--Thread(Thread[Test worker,5,main])--The alias name for the entity class [class com.spartan.healthmeter.entity.ZenHealth] is being defaulted to: ZenHealth.
[EL Config]: metadata: 2016-05-26 13:48:22.001--ServerSession(1869076249)--Thread(Thread[Test worker,5,main])--The alias name for the entity class [class com.spartan.server.session.entity.AppSessionConfig] is being defaulted to: AppSessionConfig.
[EL Config]: metadata: 2016-05-26 13:48:22.001--ServerSession(1869076249)--Thread(Thread[Test worker,5,main])--The alias name for the entity class [class sales.app.shared.organization.contactmanagement.CommunicationType] is being defaulted to: CommunicationType.
[EL Config]: metadata: 2016-05-26 13:48:22.002--ServerSession(1869076249)--Thread(Thread[Test worker,5,main])--The alias name for the entity class [class sales.app.shared.appbasicsetup.usermanagement.LoginSession] is being defaulted to: LoginSession.
[EL Config]: metadata: 2016-05-26 13:48:22.002--ServerSession(1869076249)--Thread(Thread[Test worker,5,main])--The alias name for the entity class [class sales.app.shared.appbasicsetup.userrolemanagement.Roles] is being defaulted to: Roles.
[EL Config]: metadata: 2016-05-26 13:48:22.002--ServerSession(1869076249)--Thread(Thread[Test worker,5,main])--The alias name for the entity class [class sales.app.shared.salesboundedcontext.sales.Category] is being defaulted to: Category.
[EL Config]: metadata: 2016-05-26 13:48:22.003--ServerSession(1869076249)--Thread(Thread[Test worker,5,main])--The alias name for the entity class [class com.athena.shared.dataengine.query.ArtQuery] is being defaulted to: ArtQuery.
[EL Config]: metadata: 2016-05-26 13:48:22.003--ServerSession(1869076249)--Thread(Thread[Test worker,5,main])--The alias name for the entity class [class sales.app.shared.appinsight.alarms.ArtLogEvents] is being defaulted to: ArtLogEvents.
[EL Config]: metadata: 2016-05-26 13:48:22.004--ServerSession(1869076249)--Thread(Thread[Test worker,5,main])--The alias name for the entity class [class sales.app.shared.organization.locationmanagement.Timezone] is being defaulted to: Timezone.
[EL Config]: metadata: 2016-05-26 13:48:22.022--ServerSession(1869076249)--Thread(Thread[Test worker,5,main])--The primary key column name for the mapping element [field contentType] is being defaulted to: file_mime_type.
[EL Config]: metadata: 2016-05-26 13:48:22.022--ServerSession(1869076249)--Thread(Thread[Test worker,5,main])--The primary key column name for the mapping element [field file] is being defaulted to: file_id.
[EL Config]: metadata: 2016-05-26 13:48:22.022--ServerSession(1869076249)--Thread(Thread[Test worker,5,main])--The primary key column name for the mapping element [field file] is being defaulted to: file_id.
[EL Config]: metadata: 2016-05-26 13:48:22.024--ServerSession(1869076249)--Thread(Thread[Test worker,5,main])--The primary key column name for the mapping element [field file] is being defaulted to: file_id.
[EL Info]: 2016-05-26 13:48:22.504--ServerSession(1869076249)--Thread(Thread[Test worker,5,main])--EclipseLink, version: Eclipse Persistence Services - 2.5.1.v20130918-f2b9fc5
[EL Fine]: connection: 2016-05-26 13:48:22.636--Thread(Thread[Test worker,5,main])--Detected database platform: org.eclipse.persistence.platform.database.MySQLPlatform
[EL Config]: connection: 2016-05-26 13:48:22.645--ServerSession(1869076249)--Connection(1802445224)--Thread(Thread[Test worker,5,main])--connecting(DatabaseLogin(
	platform=>MySQLPlatform
	user name=> "salesapp"
	datasource URL=> "jdbc:mysql://localhost-MYSQL:3306/salesapp"
))
[EL Config]: connection: 2016-05-26 13:48:22.65--ServerSession(1869076249)--Connection(1239610306)--Thread(Thread[Test worker,5,main])--Connected: jdbc:mysql://localhost-MYSQL:3306/salesapp
	User: salesapp@172.17.0.5
	Database: MySQL  Version: 5.7.7-rc
	Driver: MySQL Connector Java  Version: mysql-connector-java-5.1.31 ( Revision: alexander.soklakov@oracle.com-20140520065950-groqzzbvxprqdmnz )
[EL Config]: connection: 2016-05-26 13:48:22.65--ServerSession(1869076249)--Connection(1391553395)--Thread(Thread[Test worker,5,main])--connecting(DatabaseLogin(
	platform=>MySQLPlatform
	user name=> "salesapp"
	datasource URL=> "jdbc:mysql://localhost-MYSQL:3306/salesapp"
))
[EL Config]: connection: 2016-05-26 13:48:22.655--ServerSession(1869076249)--Connection(2073771471)--Thread(Thread[Test worker,5,main])--Connected: jdbc:mysql://localhost-MYSQL:3306/salesapp
	User: salesapp@172.17.0.5
	Database: MySQL  Version: 5.7.7-rc
	Driver: MySQL Connector Java  Version: mysql-connector-java-5.1.31 ( Revision: alexander.soklakov@oracle.com-20140520065950-groqzzbvxprqdmnz )
[EL Config]: connection: 2016-05-26 13:48:22.655--ServerSession(1869076249)--Connection(217522287)--Thread(Thread[Test worker,5,main])--connecting(DatabaseLogin(
	platform=>MySQLPlatform
	user name=> "salesapp"
	datasource URL=> "jdbc:mysql://localhost-MYSQL:3306/salesapp"
))
[EL Config]: connection: 2016-05-26 13:48:22.66--ServerSession(1869076249)--Connection(1976902601)--Thread(Thread[Test worker,5,main])--Connected: jdbc:mysql://localhost-MYSQL:3306/salesapp
	User: salesapp@172.17.0.5
	Database: MySQL  Version: 5.7.7-rc
	Driver: MySQL Connector Java  Version: mysql-connector-java-5.1.31 ( Revision: alexander.soklakov@oracle.com-20140520065950-groqzzbvxprqdmnz )
[EL Config]: connection: 2016-05-26 13:48:22.661--ServerSession(1869076249)--Connection(2082512270)--Thread(Thread[Test worker,5,main])--connecting(DatabaseLogin(
	platform=>MySQLPlatform
	user name=> "salesapp"
	datasource URL=> "jdbc:mysql://localhost-MYSQL:3306/salesapp"
))
[EL Config]: connection: 2016-05-26 13:48:22.665--ServerSession(1869076249)--Connection(1082564350)--Thread(Thread[Test worker,5,main])--Connected: jdbc:mysql://localhost-MYSQL:3306/salesapp
	User: salesapp@172.17.0.5
	Database: MySQL  Version: 5.7.7-rc
	Driver: MySQL Connector Java  Version: mysql-connector-java-5.1.31 ( Revision: alexander.soklakov@oracle.com-20140520065950-groqzzbvxprqdmnz )
[EL Config]: connection: 2016-05-26 13:48:22.665--ServerSession(1869076249)--Connection(1177573066)--Thread(Thread[Test worker,5,main])--connecting(DatabaseLogin(
	platform=>MySQLPlatform
	user name=> "salesapp"
	datasource URL=> "jdbc:mysql://localhost-MYSQL:3306/salesapp"
))
[EL Config]: connection: 2016-05-26 13:48:22.67--ServerSession(1869076249)--Connection(2049742520)--Thread(Thread[Test worker,5,main])--Connected: jdbc:mysql://localhost-MYSQL:3306/salesapp
	User: salesapp@172.17.0.5
	Database: MySQL  Version: 5.7.7-rc
	Driver: MySQL Connector Java  Version: mysql-connector-java-5.1.31 ( Revision: alexander.soklakov@oracle.com-20140520065950-groqzzbvxprqdmnz )
[EL Config]: connection: 2016-05-26 13:48:22.67--ServerSession(1869076249)--Connection(89868466)--Thread(Thread[Test worker,5,main])--connecting(DatabaseLogin(
	platform=>MySQLPlatform
	user name=> "salesapp"
	datasource URL=> "jdbc:mysql://localhost-MYSQL:3306/salesapp"
))
[EL Config]: connection: 2016-05-26 13:48:22.676--ServerSession(1869076249)--Connection(1058182435)--Thread(Thread[Test worker,5,main])--Connected: jdbc:mysql://localhost-MYSQL:3306/salesapp
	User: salesapp@172.17.0.5
	Database: MySQL  Version: 5.7.7-rc
	Driver: MySQL Connector Java  Version: mysql-connector-java-5.1.31 ( Revision: alexander.soklakov@oracle.com-20140520065950-groqzzbvxprqdmnz )
[EL Config]: connection: 2016-05-26 13:48:22.677--ServerSession(1869076249)--Connection(1560104238)--Thread(Thread[Test worker,5,main])--connecting(DatabaseLogin(
	platform=>MySQLPlatform
	user name=> "salesapp"
	datasource URL=> "jdbc:mysql://localhost-MYSQL:3306/salesapp"
))
[EL Config]: connection: 2016-05-26 13:48:22.681--ServerSession(1869076249)--Connection(281971737)--Thread(Thread[Test worker,5,main])--Connected: jdbc:mysql://localhost-MYSQL:3306/salesapp
	User: salesapp@172.17.0.5
	Database: MySQL  Version: 5.7.7-rc
	Driver: MySQL Connector Java  Version: mysql-connector-java-5.1.31 ( Revision: alexander.soklakov@oracle.com-20140520065950-groqzzbvxprqdmnz )
[EL Config]: connection: 2016-05-26 13:48:22.682--ServerSession(1869076249)--Connection(1750058477)--Thread(Thread[Test worker,5,main])--connecting(DatabaseLogin(
	platform=>MySQLPlatform
	user name=> "salesapp"
	datasource URL=> "jdbc:mysql://localhost-MYSQL:3306/salesapp"
))
[EL Config]: connection: 2016-05-26 13:48:22.686--ServerSession(1869076249)--Connection(216978070)--Thread(Thread[Test worker,5,main])--Connected: jdbc:mysql://localhost-MYSQL:3306/salesapp
	User: salesapp@172.17.0.5
	Database: MySQL  Version: 5.7.7-rc
	Driver: MySQL Connector Java  Version: mysql-connector-java-5.1.31 ( Revision: alexander.soklakov@oracle.com-20140520065950-groqzzbvxprqdmnz )
[EL Config]: connection: 2016-05-26 13:48:22.686--ServerSession(1869076249)--Connection(323189884)--Thread(Thread[Test worker,5,main])--connecting(DatabaseLogin(
	platform=>MySQLPlatform
	user name=> "salesapp"
	datasource URL=> "jdbc:mysql://localhost-MYSQL:3306/salesapp"
))
[EL Config]: connection: 2016-05-26 13:48:22.69--ServerSession(1869076249)--Connection(1413558413)--Thread(Thread[Test worker,5,main])--Connected: jdbc:mysql://localhost-MYSQL:3306/salesapp
	User: salesapp@172.17.0.5
	Database: MySQL  Version: 5.7.7-rc
	Driver: MySQL Connector Java  Version: mysql-connector-java-5.1.31 ( Revision: alexander.soklakov@oracle.com-20140520065950-groqzzbvxprqdmnz )
[EL Config]: connection: 2016-05-26 13:48:22.691--ServerSession(1869076249)--Connection(64660530)--Thread(Thread[Test worker,5,main])--connecting(DatabaseLogin(
	platform=>MySQLPlatform
	user name=> "salesapp"
	datasource URL=> "jdbc:mysql://localhost-MYSQL:3306/salesapp"
))
[EL Config]: connection: 2016-05-26 13:48:22.695--ServerSession(1869076249)--Connection(2013709783)--Thread(Thread[Test worker,5,main])--Connected: jdbc:mysql://localhost-MYSQL:3306/salesapp
	User: salesapp@172.17.0.5
	Database: MySQL  Version: 5.7.7-rc
	Driver: MySQL Connector Java  Version: mysql-connector-java-5.1.31 ( Revision: alexander.soklakov@oracle.com-20140520065950-groqzzbvxprqdmnz )
[EL Config]: connection: 2016-05-26 13:48:22.695--ServerSession(1869076249)--Connection(78046161)--Thread(Thread[Test worker,5,main])--connecting(DatabaseLogin(
	platform=>MySQLPlatform
	user name=> "salesapp"
	datasource URL=> "jdbc:mysql://localhost-MYSQL:3306/salesapp"
))
[EL Config]: connection: 2016-05-26 13:48:22.7--ServerSession(1869076249)--Connection(1259703991)--Thread(Thread[Test worker,5,main])--Connected: jdbc:mysql://localhost-MYSQL:3306/salesapp
	User: salesapp@172.17.0.5
	Database: MySQL  Version: 5.7.7-rc
	Driver: MySQL Connector Java  Version: mysql-connector-java-5.1.31 ( Revision: alexander.soklakov@oracle.com-20140520065950-groqzzbvxprqdmnz )
[EL Config]: connection: 2016-05-26 13:48:22.7--ServerSession(1869076249)--Connection(1951184611)--Thread(Thread[Test worker,5,main])--connecting(DatabaseLogin(
	platform=>MySQLPlatform
	user name=> "salesapp"
	datasource URL=> "jdbc:mysql://localhost-MYSQL:3306/salesapp"
))
[EL Config]: connection: 2016-05-26 13:48:22.704--ServerSession(1869076249)--Connection(1897533832)--Thread(Thread[Test worker,5,main])--Connected: jdbc:mysql://localhost-MYSQL:3306/salesapp
	User: salesapp@172.17.0.5
	Database: MySQL  Version: 5.7.7-rc
	Driver: MySQL Connector Java  Version: mysql-connector-java-5.1.31 ( Revision: alexander.soklakov@oracle.com-20140520065950-groqzzbvxprqdmnz )
[EL Config]: connection: 2016-05-26 13:48:22.704--ServerSession(1869076249)--Connection(1718956474)--Thread(Thread[Test worker,5,main])--connecting(DatabaseLogin(
	platform=>MySQLPlatform
	user name=> "salesapp"
	datasource URL=> "jdbc:mysql://localhost-MYSQL:3306/salesapp"
))
[EL Config]: connection: 2016-05-26 13:48:22.708--ServerSession(1869076249)--Connection(1899971743)--Thread(Thread[Test worker,5,main])--Connected: jdbc:mysql://localhost-MYSQL:3306/salesapp
	User: salesapp@172.17.0.5
	Database: MySQL  Version: 5.7.7-rc
	Driver: MySQL Connector Java  Version: mysql-connector-java-5.1.31 ( Revision: alexander.soklakov@oracle.com-20140520065950-groqzzbvxprqdmnz )
[EL Config]: connection: 2016-05-26 13:48:22.708--ServerSession(1869076249)--Connection(1890737358)--Thread(Thread[Test worker,5,main])--connecting(DatabaseLogin(
	platform=>MySQLPlatform
	user name=> "salesapp"
	datasource URL=> "jdbc:mysql://localhost-MYSQL:3306/salesapp"
))
[EL Config]: connection: 2016-05-26 13:48:22.712--ServerSession(1869076249)--Connection(1919084994)--Thread(Thread[Test worker,5,main])--Connected: jdbc:mysql://localhost-MYSQL:3306/salesapp
	User: salesapp@172.17.0.5
	Database: MySQL  Version: 5.7.7-rc
	Driver: MySQL Connector Java  Version: mysql-connector-java-5.1.31 ( Revision: alexander.soklakov@oracle.com-20140520065950-groqzzbvxprqdmnz )
[EL Config]: connection: 2016-05-26 13:48:22.712--ServerSession(1869076249)--Connection(1004599865)--Thread(Thread[Test worker,5,main])--connecting(DatabaseLogin(
	platform=>MySQLPlatform
	user name=> "salesapp"
	datasource URL=> "jdbc:mysql://localhost-MYSQL:3306/salesapp"
))
[EL Config]: connection: 2016-05-26 13:48:22.717--ServerSession(1869076249)--Connection(1285152576)--Thread(Thread[Test worker,5,main])--Connected: jdbc:mysql://localhost-MYSQL:3306/salesapp
	User: salesapp@172.17.0.5
	Database: MySQL  Version: 5.7.7-rc
	Driver: MySQL Connector Java  Version: mysql-connector-java-5.1.31 ( Revision: alexander.soklakov@oracle.com-20140520065950-groqzzbvxprqdmnz )
[EL Config]: connection: 2016-05-26 13:48:22.717--ServerSession(1869076249)--Connection(1285152576)--Thread(Thread[Test worker,5,main])--disconnect
[EL Warning]: metadata: 2016-05-26 13:48:22.723--ServerSession(1869076249)--Thread(Thread[Test worker,5,main])--Reverting the lazy setting on the OneToOne or ManyToOne attribute [coreContacts] for the entity class [class sales.app.shared.appbasicsetup.usermanagement.Login] since weaving was not enabled or did not occur.
[EL Warning]: metadata: 2016-05-26 13:48:22.723--ServerSession(1869076249)--Thread(Thread[Test worker,5,main])--Reverting the lazy setting on the OneToOne or ManyToOne attribute [user] for the entity class [class sales.app.shared.appbasicsetup.usermanagement.Login] since weaving was not enabled or did not occur.
[EL Warning]: metadata: 2016-05-26 13:48:22.725--ServerSession(1869076249)--Thread(Thread[Test worker,5,main])--Reverting the lazy setting on the OneToOne or ManyToOne attribute [user] for the entity class [class sales.app.shared.appbasicsetup.usermanagement.UserData] since weaving was not enabled or did not occur.
[EL Warning]: metadata: 2016-05-26 13:48:22.728--ServerSession(1869076249)--Thread(Thread[Test worker,5,main])--Reverting the lazy setting on the OneToOne or ManyToOne attribute [timezone] for the entity class [class sales.app.shared.organization.contactmanagement.CoreContacts] since weaving was not enabled or did not occur.
[EL Warning]: metadata: 2016-05-26 13:48:22.73--ServerSession(1869076249)--Thread(Thread[Test worker,5,main])--Reverting the lazy setting on the OneToOne or ManyToOne attribute [userData] for the entity class [class sales.app.shared.appbasicsetup.usermanagement.User] since weaving was not enabled or did not occur.
[EL Warning]: metadata: 2016-05-26 13:48:22.731--ServerSession(1869076249)--Thread(Thread[Test worker,5,main])--Reverting the lazy setting on the OneToOne or ManyToOne attribute [user] for the entity class [class sales.app.shared.appbasicsetup.usermanagement.PassRecovery] since weaving was not enabled or did not occur.
[EL Info]: connection: 2016-05-26 13:48:22.896--ServerSession(1869076249)--Thread(Thread[Test worker,5,main])--file:/home/applifire/workspace/salesdemo/build/resources/main_salesdemo login successful
[EL Fine]: sql: 2016-05-26 13:48:29.517--ClientSession(998071044)--Connection(1919084994)--Thread(Thread[Test worker,5,main])--SELECT query_id, active_status, app_creator_id, created_by, created_date, hidden_name, jpql_query, name, project_id, project_version_id, query_json, query_type, sql_query, updated_by, updated_date, user_access, version_id FROM art_query WHERE ((active_status = ?) AND (sql_query IS NULL))
	bind => [true]
Repository handle
[EL Config]: connection: 2016-05-26 13:48:29.526--ServerSession(1869076249)--Connection(1919084994)--Thread(Thread[Test worker,5,main])--disconnect
[EL Fine]: sql: 2016-05-26 13:48:29.538--ClientSession(1775244882)--Connection(1899971743)--Thread(Thread[Test worker,5,main])--SELECT query_id, active_status, app_creator_id, created_by, created_date, hidden_name, jpql_query, name, project_id, project_version_id, query_json, query_type, sql_query, updated_by, updated_date, user_access, version_id FROM art_query WHERE (query_id = ?)
	bind => [0938CCC8-02E7-42FE-AC76-EDF97A24EE66]
[EL Fine]: sql: 2016-05-26 13:48:29.54--ClientSession(1775244882)--Connection(1899971743)--Thread(Thread[Test worker,5,main])--UPDATE art_query SET sql_query = ? WHERE (query_id = ?)
	bind => [SELECT t0.retailername, t1.regionname, t2.monthid, t2.monthname, t3.distributorname, t3.longitude, t3.lattitude, t4.autoid, t4.channelId, t4.salesdate, t4.salesyear, t4.salesinvoicenbr, t4.materialdescription, t4.branddescription, t4.salesqty, t4.netsalesamt, t4.grosssalesamt, t4.materialcode, t4.brandcode, t4.updatedDate, t4.categoryId FROM ast_SalesData_T t4, ast_Distributor_M t3, ast_CurrentMonth_M t2, ast_SalesRegion_M t1, ast_Retailer_M t0 WHERE (((((((((t4.reatilercode = t0.retailercode) AND (t0.distributorcode = t3.distributorcode)) AND (t3.regioncode = t1.regioncode)) AND (t4.salesmonth = t2.monthid)) AND t1.regionname LIKE ?) AND t0.retailername LIKE ?) AND t3.distributorname LIKE ?) AND (t4.salesyear = ?)) AND t2.monthname LIKE ?) ORDER BY t2.monthid, 0938CCC8-02E7-42FE-AC76-EDF97A24EE66]
[EL Config]: connection: 2016-05-26 13:48:29.76--ServerSession(1869076249)--Connection(1899971743)--Thread(Thread[Test worker,5,main])--disconnect
[EL Fine]: sql: 2016-05-26 13:48:29.771--ClientSession(2120616203)--Connection(1897533832)--Thread(Thread[Test worker,5,main])--SELECT query_id, active_status, app_creator_id, created_by, created_date, hidden_name, jpql_query, name, project_id, project_version_id, query_json, query_type, sql_query, updated_by, updated_date, user_access, version_id FROM art_query WHERE (query_id = ?)
	bind => [19009403-4010-402C-ADFA-E3BEECB45252]
[EL Fine]: sql: 2016-05-26 13:48:29.774--ClientSession(2120616203)--Connection(1897533832)--Thread(Thread[Test worker,5,main])--UPDATE art_query SET sql_query = ? WHERE (query_id = ?)
	bind => [SELECT t0.regionname, t1.retailername, t2.distributorname, t2.longitude, t2.lattitude, t3.monthid, t3.monthname, t4.autoid, t4.channelId, t4.salesdate, t4.salesmonth, t4.salesyear, t4.salesinvoicenbr, t4.branddescription, t4.salesqty, t4.netsalesamt, t4.grosssalesamt, t4.materialcode, t4.brandcode, t4.updatedDate, t4.categoryId FROM ast_SalesData_T t4, ast_CurrentMonth_M t3, ast_Distributor_M t2, ast_Retailer_M t1, ast_SalesRegion_M t0 WHERE ((((((t4.salesmonth = t3.monthid) AND (t1.distributorcode = t2.distributorcode)) AND (t2.regioncode = t0.regioncode)) AND (t4.reatilercode = t1.retailercode)) AND (t4.salesdate >= ?)) AND (t4.salesdate <= ?)) ORDER BY t3.monthid, 19009403-4010-402C-ADFA-E3BEECB45252]
[EL Config]: connection: 2016-05-26 13:48:29.844--ServerSession(1869076249)--Connection(1897533832)--Thread(Thread[Test worker,5,main])--disconnect
[EL Fine]: sql: 2016-05-26 13:48:29.854--ClientSession(441388774)--Connection(1259703991)--Thread(Thread[Test worker,5,main])--SELECT query_id, active_status, app_creator_id, created_by, created_date, hidden_name, jpql_query, name, project_id, project_version_id, query_json, query_type, sql_query, updated_by, updated_date, user_access, version_id FROM art_query WHERE (query_id = ?)
	bind => [62BD0A7A-A570-4C29-A891-D95DB1B9BC5B]
[EL Fine]: sql: 2016-05-26 13:48:29.857--ClientSession(441388774)--Connection(1259703991)--Thread(Thread[Test worker,5,main])--UPDATE art_query SET sql_query = ? WHERE (query_id = ?)
	bind => [SELECT t0.materialdesc, t1.categoryInformation, t2.regionname, t3.branddesc, t4.distributorname, t4.longitude, t4.lattitude, t5.channelInformation, t6.salesdate, t6.salesyear, t6.salesinvoicenbr, t6.salesqty, t6.netsalesamt, t6.grosssalesamt, t6.updatedDate, t7.monthid, t7.monthname, t8.retailername FROM ast_Retailer_M t8, ast_CurrentMonth_M t7, ast_SalesData_T t6, ast_Channel_M t5, ast_Distributor_M t4, ast_Brand_M t3, ast_SalesRegion_M t2, ast_Category_M t1, ast_Material_M t0 WHERE (((((((((t2.regioncode = t4.regioncode) AND (t4.distributorcode = t8.distributorcode)) AND (t1.categoryId = t3.categoryId)) AND (t8.retailercode = t6.reatilercode)) AND (t3.brandcode = t0.brandcode)) AND (t5.channelId = t6.channelId)) AND (t7.monthid = t6.salesmonth)) AND (t0.materialcode = t6.materialcode)) AND (t1.categoryId = t6.categoryId)) ORDER BY t7.monthid, 62BD0A7A-A570-4C29-A891-D95DB1B9BC5B]
[EL Config]: connection: 2016-05-26 13:48:29.927--ServerSession(1869076249)--Connection(1259703991)--Thread(Thread[Test worker,5,main])--disconnect
[EL Fine]: sql: 2016-05-26 13:48:29.932--ClientSession(1487714237)--Connection(2013709783)--Thread(Thread[Test worker,5,main])--SELECT query_id, active_status, app_creator_id, created_by, created_date, hidden_name, jpql_query, name, project_id, project_version_id, query_json, query_type, sql_query, updated_by, updated_date, user_access, version_id FROM art_query WHERE (query_id = ?)
	bind => [65A293FD-DFB2-4E0B-BF52-241E1997ADF8]
[EL Fine]: sql: 2016-05-26 13:48:29.934--ClientSession(1487714237)--Connection(2013709783)--Thread(Thread[Test worker,5,main])--UPDATE art_query SET sql_query = ? WHERE (query_id = ?)
	bind => [SELECT t0.regionname FROM ast_SalesRegion_M t0, ast_UserAccess_M t1 WHERE ((t1.region = t0.regioncode) AND (t1.userId = ?)), 65A293FD-DFB2-4E0B-BF52-241E1997ADF8]
[EL Config]: connection: 2016-05-26 13:48:29.977--ServerSession(1869076249)--Connection(2013709783)--Thread(Thread[Test worker,5,main])--disconnect
Setting logged in user info for ADD
[EL Fine]: sql: 2016-05-26 13:48:39.107--ClientSession(659179340)--Connection(1413558413)--Thread(Thread[Test worker,5,main])--INSERT INTO ast_Gender_M (genderId, gender, versionId, createdBy, createdDate, updatedBy, updatedDate, activeStatus, txnAccessCode) VALUES (?, ?, ?, ?, ?, ?, ?, ?, ?)
	bind => [9AD7921A-A626-4ACF-B6FA-FA8CAB121E95, 5DDTL5accQcwPLV5BkXRhoVEQOmhSgx6uuo8qJQXWhl8jNZ3HY, 1, AAAAA, 2016-05-26 13:48:39.091, AAAAA, 2016-05-26 13:48:39.091, 1, 51000]
[EL Config]: connection: 2016-05-26 13:48:39.147--ServerSession(1869076249)--Connection(1413558413)--Thread(Thread[Test worker,5,main])--disconnect
[EL Fine]: sql: 2016-05-26 13:48:39.158--ClientSession(750360596)--Connection(216978070)--Thread(Thread[Test worker,5,main])--SELECT genderId, gender, versionId, createdBy, createdDate, updatedBy, updatedDate, activeStatus, txnAccessCode FROM ast_Gender_M WHERE ((activeStatus = ?) AND (genderId = ?))
	bind => [1, 9AD7921A-A626-4ACF-B6FA-FA8CAB121E95]
[EL Config]: connection: 2016-05-26 13:48:39.162--ServerSession(1869076249)--Connection(216978070)--Thread(Thread[Test worker,5,main])--disconnect
Setting logged in user info for UPDATE
[EL Fine]: sql: 2016-05-26 13:48:39.167--ClientSession(614760454)--Connection(281971737)--Thread(Thread[Test worker,5,main])--SELECT genderId, gender, versionId, createdBy, createdDate, updatedBy, updatedDate, activeStatus, txnAccessCode FROM ast_Gender_M WHERE (genderId = ?)
	bind => [9AD7921A-A626-4ACF-B6FA-FA8CAB121E95]
[EL Fine]: sql: 2016-05-26 13:48:39.169--ClientSession(614760454)--Connection(281971737)--Thread(Thread[Test worker,5,main])--UPDATE ast_Gender_M SET gender = ?, versionId = ? WHERE ((genderId = ?) AND (versionId = ?))
	bind => [5zKkNqIPFXRvFGdvmTTgkkCVeoVDjGoVM6sS4j88cVxthk4Ynf, 2, 9AD7921A-A626-4ACF-B6FA-FA8CAB121E95, 1]
[EL Config]: connection: 2016-05-26 13:48:39.264--ServerSession(1869076249)--Connection(281971737)--Thread(Thread[Test worker,5,main])--disconnect
[EL Fine]: sql: 2016-05-26 13:48:39.273--ClientSession(966671586)--Connection(1058182435)--Thread(Thread[Test worker,5,main])--SELECT genderId, gender, versionId, createdBy, createdDate, updatedBy, updatedDate, activeStatus, txnAccessCode FROM ast_Gender_M WHERE ((activeStatus = ?) AND (genderId = ?))
	bind => [1, 9AD7921A-A626-4ACF-B6FA-FA8CAB121E95]
[EL Fine]: sql: 2016-05-26 13:48:39.306--ClientSession(2051556933)--Connection(1058182435)--Thread(Thread[Test worker,5,main])--SELECT genderId, gender, versionId, createdBy, createdDate, updatedBy, updatedDate, activeStatus, txnAccessCode FROM ast_Gender_M WHERE (genderId = ?)
	bind => [9AD7921A-A626-4ACF-B6FA-FA8CAB121E95]
[EL Fine]: sql: 2016-05-26 13:48:39.309--ClientSession(2051556933)--Connection(1058182435)--Thread(Thread[Test worker,5,main])--DELETE FROM ast_Gender_M WHERE ((genderId = ?) AND (versionId = ?))
	bind => [9AD7921A-A626-4ACF-B6FA-FA8CAB121E95, 2]
]]></system-out>
  <system-err><![CDATA[log4j:WARN No appenders could be found for logger (org.springframework.test.context.junit4.SpringJUnit4ClassRunner).
log4j:WARN Please initialize the log4j system properly.
log4j:WARN See http://logging.apache.org/log4j/1.2/faq.html#noconfig for more info.
SLF4J: Failed to load class "org.slf4j.impl.StaticLoggerBinder".
SLF4J: Defaulting to no-operation (NOP) logger implementation
SLF4J: See http://www.slf4j.org/codes.html#StaticLoggerBinder for further details.
Gender.gender may not be null
java.lang.SecurityException: Gender.gender may not be null
	at com.athena.server.pluggable.utils.helper.EntityValidatorHelper.validateEntity(EntityValidatorHelper.java:37)
	at sales.app.shared.organization.contactmanagement.Gender.isValid(Gender.java:137)
	at sales.app.server.service.organization.contactmanagement.GenderTestCase.validateGender(GenderTestCase.java:178)
	at sales.app.server.service.organization.contactmanagement.GenderTestCase.test5NegativeTesting(GenderTestCase.java:209)
	at sun.reflect.NativeMethodAccessorImpl.invoke0(Native Method)
	at sun.reflect.NativeMethodAccessorImpl.invoke(NativeMethodAccessorImpl.java:57)
	at sun.reflect.DelegatingMethodAccessorImpl.invoke(DelegatingMethodAccessorImpl.java:43)
	at java.lang.reflect.Method.invoke(Method.java:606)
	at org.junit.runners.model.FrameworkMethod$1.runReflectiveCall(FrameworkMethod.java:47)
	at org.junit.internal.runners.model.ReflectiveCallable.run(ReflectiveCallable.java:12)
	at org.junit.runners.model.FrameworkMethod.invokeExplosively(FrameworkMethod.java:44)
	at org.junit.internal.runners.statements.InvokeMethod.evaluate(InvokeMethod.java:17)
	at org.junit.internal.runners.statements.RunBefores.evaluate(RunBefores.java:26)
	at org.springframework.test.context.junit4.statements.RunBeforeTestMethodCallbacks.evaluate(RunBeforeTestMethodCallbacks.java:74)
	at org.junit.internal.runners.statements.RunAfters.evaluate(RunAfters.java:27)
	at org.springframework.test.context.junit4.statements.RunAfterTestMethodCallbacks.evaluate(RunAfterTestMethodCallbacks.java:83)
	at org.springframework.test.context.junit4.statements.SpringRepeat.evaluate(SpringRepeat.java:72)
	at org.springframework.test.context.junit4.SpringJUnit4ClassRunner.runChild(SpringJUnit4ClassRunner.java:233)
	at org.springframework.test.context.junit4.SpringJUnit4ClassRunner.runChild(SpringJUnit4ClassRunner.java:87)
	at org.junit.runners.ParentRunner$3.run(ParentRunner.java:238)
	at org.junit.runners.ParentRunner$1.schedule(ParentRunner.java:63)
	at org.junit.runners.ParentRunner.runChildren(ParentRunner.java:236)
	at org.junit.runners.ParentRunner.access$000(ParentRunner.java:53)
	at org.junit.runners.ParentRunner$2.evaluate(ParentRunner.java:229)
	at org.junit.internal.runners.statements.RunBefores.evaluate(RunBefores.java:26)
	at org.springframework.test.context.junit4.statements.RunBeforeTestClassCallbacks.evaluate(RunBeforeTestClassCallbacks.java:61)
	at org.springframework.test.context.junit4.statements.RunAfterTestClassCallbacks.evaluate(RunAfterTestClassCallbacks.java:71)
	at org.junit.runners.ParentRunner.run(ParentRunner.java:309)
	at org.springframework.test.context.junit4.SpringJUnit4ClassRunner.run(SpringJUnit4ClassRunner.java:176)
	at org.gradle.api.internal.tasks.testing.junit.JUnitTestClassExecuter.runTestClass(JUnitTestClassExecuter.java:86)
	at org.gradle.api.internal.tasks.testing.junit.JUnitTestClassExecuter.execute(JUnitTestClassExecuter.java:49)
	at org.gradle.api.internal.tasks.testing.junit.JUnitTestClassProcessor.processTestClass(JUnitTestClassProcessor.java:64)
	at org.gradle.api.internal.tasks.testing.SuiteTestClassProcessor.processTestClass(SuiteTestClassProcessor.java:50)
	at sun.reflect.NativeMethodAccessorImpl.invoke0(Native Method)
	at sun.reflect.NativeMethodAccessorImpl.invoke(NativeMethodAccessorImpl.java:57)
	at sun.reflect.DelegatingMethodAccessorImpl.invoke(DelegatingMethodAccessorImpl.java:43)
	at java.lang.reflect.Method.invoke(Method.java:606)
	at org.gradle.messaging.dispatch.ReflectionDispatch.dispatch(ReflectionDispatch.java:35)
	at org.gradle.messaging.dispatch.ReflectionDispatch.dispatch(ReflectionDispatch.java:24)
	at org.gradle.messaging.dispatch.ContextClassLoaderDispatch.dispatch(ContextClassLoaderDispatch.java:32)
	at org.gradle.messaging.dispatch.ProxyDispatchAdapter$DispatchingInvocationHandler.invoke(ProxyDispatchAdapter.java:93)
	at com.sun.proxy.$Proxy2.processTestClass(Unknown Source)
	at org.gradle.api.internal.tasks.testing.worker.TestWorker.processTestClass(TestWorker.java:106)
	at sun.reflect.NativeMethodAccessorImpl.invoke0(Native Method)
	at sun.reflect.NativeMethodAccessorImpl.invoke(NativeMethodAccessorImpl.java:57)
	at sun.reflect.DelegatingMethodAccessorImpl.invoke(DelegatingMethodAccessorImpl.java:43)
	at java.lang.reflect.Method.invoke(Method.java:606)
	at org.gradle.messaging.dispatch.ReflectionDispatch.dispatch(ReflectionDispatch.java:35)
	at org.gradle.messaging.dispatch.ReflectionDispatch.dispatch(ReflectionDispatch.java:24)
	at org.gradle.messaging.remote.internal.hub.MessageHub$Handler.run(MessageHub.java:360)
	at org.gradle.internal.concurrent.DefaultExecutorFactory$StoppableExecutorImpl$1.run(DefaultExecutorFactory.java:64)
	at java.util.concurrent.ThreadPoolExecutor.runWorker(ThreadPoolExecutor.java:1145)
	at java.util.concurrent.ThreadPoolExecutor$Worker.run(ThreadPoolExecutor.java:615)
	at java.lang.Thread.run(Thread.java:745)
Gender.gender size must be between 0 and 256
java.lang.SecurityException: Gender.gender size must be between 0 and 256
	at com.athena.server.pluggable.utils.helper.EntityValidatorHelper.validateEntity(EntityValidatorHelper.java:37)
	at sales.app.shared.organization.contactmanagement.Gender.isValid(Gender.java:137)
	at sales.app.server.service.organization.contactmanagement.GenderTestCase.validateGender(GenderTestCase.java:176)
	at sales.app.server.service.organization.contactmanagement.GenderTestCase.test5NegativeTesting(GenderTestCase.java:214)
	at sun.reflect.NativeMethodAccessorImpl.invoke0(Native Method)
	at sun.reflect.NativeMethodAccessorImpl.invoke(NativeMethodAccessorImpl.java:57)
	at sun.reflect.DelegatingMethodAccessorImpl.invoke(DelegatingMethodAccessorImpl.java:43)
	at java.lang.reflect.Method.invoke(Method.java:606)
	at org.junit.runners.model.FrameworkMethod$1.runReflectiveCall(FrameworkMethod.java:47)
	at org.junit.internal.runners.model.ReflectiveCallable.run(ReflectiveCallable.java:12)
	at org.junit.runners.model.FrameworkMethod.invokeExplosively(FrameworkMethod.java:44)
	at org.junit.internal.runners.statements.InvokeMethod.evaluate(InvokeMethod.java:17)
	at org.junit.internal.runners.statements.RunBefores.evaluate(RunBefores.java:26)
	at org.springframework.test.context.junit4.statements.RunBeforeTestMethodCallbacks.evaluate(RunBeforeTestMethodCallbacks.java:74)
	at org.junit.internal.runners.statements.RunAfters.evaluate(RunAfters.java:27)
	at org.springframework.test.context.junit4.statements.RunAfterTestMethodCallbacks.evaluate(RunAfterTestMethodCallbacks.java:83)
	at org.springframework.test.context.junit4.statements.SpringRepeat.evaluate(SpringRepeat.java:72)
	at org.springframework.test.context.junit4.SpringJUnit4ClassRunner.runChild(SpringJUnit4ClassRunner.java:233)
	at org.springframework.test.context.junit4.SpringJUnit4ClassRunner.runChild(SpringJUnit4ClassRunner.java:87)
	at org.junit.runners.ParentRunner$3.run(ParentRunner.java:238)
	at org.junit.runners.ParentRunner$1.schedule(ParentRunner.java:63)
	at org.junit.runners.ParentRunner.runChildren(ParentRunner.java:236)
	at org.junit.runners.ParentRunner.access$000(ParentRunner.java:53)
	at org.junit.runners.ParentRunner$2.evaluate(ParentRunner.java:229)
	at org.junit.internal.runners.statements.RunBefores.evaluate(RunBefores.java:26)
	at org.springframework.test.context.junit4.statements.RunBeforeTestClassCallbacks.evaluate(RunBeforeTestClassCallbacks.java:61)
	at org.springframework.test.context.junit4.statements.RunAfterTestClassCallbacks.evaluate(RunAfterTestClassCallbacks.java:71)
	at org.junit.runners.ParentRunner.run(ParentRunner.java:309)
	at org.springframework.test.context.junit4.SpringJUnit4ClassRunner.run(SpringJUnit4ClassRunner.java:176)
	at org.gradle.api.internal.tasks.testing.junit.JUnitTestClassExecuter.runTestClass(JUnitTestClassExecuter.java:86)
	at org.gradle.api.internal.tasks.testing.junit.JUnitTestClassExecuter.execute(JUnitTestClassExecuter.java:49)
	at org.gradle.api.internal.tasks.testing.junit.JUnitTestClassProcessor.processTestClass(JUnitTestClassProcessor.java:64)
	at org.gradle.api.internal.tasks.testing.SuiteTestClassProcessor.processTestClass(SuiteTestClassProcessor.java:50)
	at sun.reflect.NativeMethodAccessorImpl.invoke0(Native Method)
	at sun.reflect.NativeMethodAccessorImpl.invoke(NativeMethodAccessorImpl.java:57)
	at sun.reflect.DelegatingMethodAccessorImpl.invoke(DelegatingMethodAccessorImpl.java:43)
	at java.lang.reflect.Method.invoke(Method.java:606)
	at org.gradle.messaging.dispatch.ReflectionDispatch.dispatch(ReflectionDispatch.java:35)
	at org.gradle.messaging.dispatch.ReflectionDispatch.dispatch(ReflectionDispatch.java:24)
	at org.gradle.messaging.dispatch.ContextClassLoaderDispatch.dispatch(ContextClassLoaderDispatch.java:32)
	at org.gradle.messaging.dispatch.ProxyDispatchAdapter$DispatchingInvocationHandler.invoke(ProxyDispatchAdapter.java:93)
	at com.sun.proxy.$Proxy2.processTestClass(Unknown Source)
	at org.gradle.api.internal.tasks.testing.worker.TestWorker.processTestClass(TestWorker.java:106)
	at sun.reflect.NativeMethodAccessorImpl.invoke0(Native Method)
	at sun.reflect.NativeMethodAccessorImpl.invoke(NativeMethodAccessorImpl.java:57)
	at sun.reflect.DelegatingMethodAccessorImpl.invoke(DelegatingMethodAccessorImpl.java:43)
	at java.lang.reflect.Method.invoke(Method.java:606)
	at org.gradle.messaging.dispatch.ReflectionDispatch.dispatch(ReflectionDispatch.java:35)
	at org.gradle.messaging.dispatch.ReflectionDispatch.dispatch(ReflectionDispatch.java:24)
	at org.gradle.messaging.remote.internal.hub.MessageHub$Handler.run(MessageHub.java:360)
	at org.gradle.internal.concurrent.DefaultExecutorFactory$StoppableExecutorImpl$1.run(DefaultExecutorFactory.java:64)
	at java.util.concurrent.ThreadPoolExecutor.runWorker(ThreadPoolExecutor.java:1145)
	at java.util.concurrent.ThreadPoolExecutor$Worker.run(ThreadPoolExecutor.java:615)
	at java.lang.Thread.run(Thread.java:745)
]]></system-err>
</testsuite>
